[0.681s] Invoking command in '/home/yoheen/robotics_ws/src/apriltag_perception': PYTHONPATH=/home/yoheen/robotics_ws/build/apriltag_perception/prefix_override:/usr/lib/python3/dist-packages/colcon_core/task/python/colcon_distutils_commands:/home/yoheen/robotics_ws/install/apriltag_perception/lib/python3.12/site-packages:${PYTHONPATH} /usr/bin/python3 -W ignore:setup.py install is deprecated -W ignore:easy_install command is deprecated setup.py egg_info --egg-base ../../build/apriltag_perception build --build-base /home/yoheen/robotics_ws/build/apriltag_perception/build install --record /home/yoheen/robotics_ws/build/apriltag_perception/install.log --single-version-externally-managed install_data
[0.908s] running egg_info
[0.923s] writing ../../build/apriltag_perception/apriltag_perception.egg-info/PKG-INFO
[0.924s] writing dependency_links to ../../build/apriltag_perception/apriltag_perception.egg-info/dependency_links.txt
[0.924s] writing entry points to ../../build/apriltag_perception/apriltag_perception.egg-info/entry_points.txt
[0.924s] writing requirements to ../../build/apriltag_perception/apriltag_perception.egg-info/requires.txt
[0.924s] writing top-level names to ../../build/apriltag_perception/apriltag_perception.egg-info/top_level.txt
[0.957s] reading manifest file '../../build/apriltag_perception/apriltag_perception.egg-info/SOURCES.txt'
[0.958s] writing manifest file '../../build/apriltag_perception/apriltag_perception.egg-info/SOURCES.txt'
[0.958s] running build
[0.958s] running build_py
[0.958s] running install
[0.965s] running install_lib
[0.983s] running install_data
[0.983s] running install_egg_info
[1.000s] removing '/home/yoheen/robotics_ws/install/apriltag_perception/lib/python3.12/site-packages/apriltag_perception-0.0.0-py3.12.egg-info' (and everything under it)
[1.000s] Copying ../../build/apriltag_perception/apriltag_perception.egg-info to /home/yoheen/robotics_ws/install/apriltag_perception/lib/python3.12/site-packages/apriltag_perception-0.0.0-py3.12.egg-info
[1.001s] running install_scripts
[1.108s] Installing apriltag_publisher script to /home/yoheen/robotics_ws/install/apriltag_perception/lib/apriltag_perception
[1.108s] Installing apriltag_subscriber script to /home/yoheen/robotics_ws/install/apriltag_perception/lib/apriltag_perception
[1.109s] writing list of installed files to '/home/yoheen/robotics_ws/build/apriltag_perception/install.log'
[1.133s] Invoked command in '/home/yoheen/robotics_ws/src/apriltag_perception' returned '0': PYTHONPATH=/home/yoheen/robotics_ws/build/apriltag_perception/prefix_override:/usr/lib/python3/dist-packages/colcon_core/task/python/colcon_distutils_commands:/home/yoheen/robotics_ws/install/apriltag_perception/lib/python3.12/site-packages:${PYTHONPATH} /usr/bin/python3 -W ignore:setup.py install is deprecated -W ignore:easy_install command is deprecated setup.py egg_info --egg-base ../../build/apriltag_perception build --build-base /home/yoheen/robotics_ws/build/apriltag_perception/build install --record /home/yoheen/robotics_ws/build/apriltag_perception/install.log --single-version-externally-managed install_data
