[1.118s] Invoking command in '/home/yoheen/Robotic-Space-Hand-Algorithm/robotics_ws/src/apriltag_perception': PYTHONPATH=/home/yoheen/Robotic-Space-Hand-Algorithm/robotics_ws/build/apriltag_perception/prefix_override:/usr/lib/python3/dist-packages/colcon_core/task/python/colcon_distutils_commands:/home/yoheen/Robotic-Space-Hand-Algorithm/robotics_ws/install/apriltag_perception/lib/python3.12/site-packages:${PYTHONPATH} /usr/bin/python3 -W ignore:setup.py install is deprecated -W ignore:easy_install command is deprecated setup.py egg_info --egg-base ../../build/apriltag_perception build --build-base /home/yoheen/Robotic-Space-Hand-Algorithm/robotics_ws/build/apriltag_perception/build install --record /home/yoheen/Robotic-Space-Hand-Algorithm/robotics_ws/build/apriltag_perception/install.log --single-version-externally-managed install_data
[1.367s] running egg_info
[1.383s] writing ../../build/apriltag_perception/apriltag_perception.egg-info/PKG-INFO
[1.393s] writing dependency_links to ../../build/apriltag_perception/apriltag_perception.egg-info/dependency_links.txt
[1.394s] writing entry points to ../../build/apriltag_perception/apriltag_perception.egg-info/entry_points.txt
[1.394s] writing requirements to ../../build/apriltag_perception/apriltag_perception.egg-info/requires.txt
[1.394s] writing top-level names to ../../build/apriltag_perception/apriltag_perception.egg-info/top_level.txt
[1.463s] reading manifest file '../../build/apriltag_perception/apriltag_perception.egg-info/SOURCES.txt'
[1.464s] writing manifest file '../../build/apriltag_perception/apriltag_perception.egg-info/SOURCES.txt'
[1.465s] running build
[1.465s] running build_py
[1.465s] copying apriltag_perception/pose_publisher.py -> /home/yoheen/Robotic-Space-Hand-Algorithm/robotics_ws/build/apriltag_perception/build/lib/apriltag_perception
[1.467s] copying apriltag_perception/pose_detect.py -> /home/yoheen/Robotic-Space-Hand-Algorithm/robotics_ws/build/apriltag_perception/build/lib/apriltag_perception
[1.467s] running install
[1.475s] running install_lib
[1.510s] copying /home/yoheen/Robotic-Space-Hand-Algorithm/robotics_ws/build/apriltag_perception/build/lib/apriltag_perception/pose_publisher.py -> /home/yoheen/Robotic-Space-Hand-Algorithm/robotics_ws/install/apriltag_perception/lib/python3.12/site-packages/apriltag_perception
[1.511s] copying /home/yoheen/Robotic-Space-Hand-Algorithm/robotics_ws/build/apriltag_perception/build/lib/apriltag_perception/pose_detect.py -> /home/yoheen/Robotic-Space-Hand-Algorithm/robotics_ws/install/apriltag_perception/lib/python3.12/site-packages/apriltag_perception
[1.512s] byte-compiling /home/yoheen/Robotic-Space-Hand-Algorithm/robotics_ws/install/apriltag_perception/lib/python3.12/site-packages/apriltag_perception/pose_publisher.py to pose_publisher.cpython-312.pyc
[1.515s] byte-compiling /home/yoheen/Robotic-Space-Hand-Algorithm/robotics_ws/install/apriltag_perception/lib/python3.12/site-packages/apriltag_perception/pose_detect.py to pose_detect.cpython-312.pyc
[1.515s] running install_data
[1.515s] running install_egg_info
[1.537s] removing '/home/yoheen/Robotic-Space-Hand-Algorithm/robotics_ws/install/apriltag_perception/lib/python3.12/site-packages/apriltag_perception-0.0.0-py3.12.egg-info' (and everything under it)
[1.538s] Copying ../../build/apriltag_perception/apriltag_perception.egg-info to /home/yoheen/Robotic-Space-Hand-Algorithm/robotics_ws/install/apriltag_perception/lib/python3.12/site-packages/apriltag_perception-0.0.0-py3.12.egg-info
[1.544s] running install_scripts
[1.875s] Installing apriltag_publisher script to /home/yoheen/Robotic-Space-Hand-Algorithm/robotics_ws/install/apriltag_perception/lib/apriltag_perception
[1.876s] Installing apriltag_subscriber script to /home/yoheen/Robotic-Space-Hand-Algorithm/robotics_ws/install/apriltag_perception/lib/apriltag_perception
[1.876s] Installing pose_publisher script to /home/yoheen/Robotic-Space-Hand-Algorithm/robotics_ws/install/apriltag_perception/lib/apriltag_perception
[1.876s] writing list of installed files to '/home/yoheen/Robotic-Space-Hand-Algorithm/robotics_ws/build/apriltag_perception/install.log'
[1.903s] Invoked command in '/home/yoheen/Robotic-Space-Hand-Algorithm/robotics_ws/src/apriltag_perception' returned '0': PYTHONPATH=/home/yoheen/Robotic-Space-Hand-Algorithm/robotics_ws/build/apriltag_perception/prefix_override:/usr/lib/python3/dist-packages/colcon_core/task/python/colcon_distutils_commands:/home/yoheen/Robotic-Space-Hand-Algorithm/robotics_ws/install/apriltag_perception/lib/python3.12/site-packages:${PYTHONPATH} /usr/bin/python3 -W ignore:setup.py install is deprecated -W ignore:easy_install command is deprecated setup.py egg_info --egg-base ../../build/apriltag_perception build --build-base /home/yoheen/Robotic-Space-Hand-Algorithm/robotics_ws/build/apriltag_perception/build install --record /home/yoheen/Robotic-Space-Hand-Algorithm/robotics_ws/build/apriltag_perception/install.log --single-version-externally-managed install_data
