[1.007s] Invoking command in '/home/yoheen/robotics_ws/src/apriltag_perception': PYTHONPATH=/home/yoheen/robotics_ws/build/apriltag_perception/prefix_override:/usr/lib/python3/dist-packages/colcon_core/task/python/colcon_distutils_commands:/home/yoheen/robotics_ws/install/apriltag_perception/lib/python3.12/site-packages:${PYTHONPATH} /usr/bin/python3 -W ignore:setup.py install is deprecated -W ignore:easy_install command is deprecated setup.py egg_info --egg-base ../../build/apriltag_perception build --build-base /home/yoheen/robotics_ws/build/apriltag_perception/build install --record /home/yoheen/robotics_ws/build/apriltag_perception/install.log --single-version-externally-managed install_data
[1.244s] running egg_info
[1.244s] creating ../../build/apriltag_perception/apriltag_perception.egg-info
[1.263s] writing ../../build/apriltag_perception/apriltag_perception.egg-info/PKG-INFO
[1.263s] writing dependency_links to ../../build/apriltag_perception/apriltag_perception.egg-info/dependency_links.txt
[1.263s] writing entry points to ../../build/apriltag_perception/apriltag_perception.egg-info/entry_points.txt
[1.263s] writing requirements to ../../build/apriltag_perception/apriltag_perception.egg-info/requires.txt
[1.263s] writing top-level names to ../../build/apriltag_perception/apriltag_perception.egg-info/top_level.txt
[1.263s] writing manifest file '../../build/apriltag_perception/apriltag_perception.egg-info/SOURCES.txt'
[1.296s] reading manifest file '../../build/apriltag_perception/apriltag_perception.egg-info/SOURCES.txt'
[1.296s] writing manifest file '../../build/apriltag_perception/apriltag_perception.egg-info/SOURCES.txt'
[1.297s] running build
[1.297s] running build_py
[1.297s] creating /home/yoheen/robotics_ws/build/apriltag_perception/build
[1.306s] creating /home/yoheen/robotics_ws/build/apriltag_perception/build/lib
[1.306s] creating /home/yoheen/robotics_ws/build/apriltag_perception/build/lib/apriltag_perception
[1.307s] copying apriltag_perception/__init__.py -> /home/yoheen/robotics_ws/build/apriltag_perception/build/lib/apriltag_perception
[1.307s] copying apriltag_perception/apriltag_publisher.py -> /home/yoheen/robotics_ws/build/apriltag_perception/build/lib/apriltag_perception
[1.307s] copying apriltag_perception/apriltag_subscriber.py -> /home/yoheen/robotics_ws/build/apriltag_perception/build/lib/apriltag_perception
[1.307s] running install
[1.313s] running install_lib
[1.329s] creating /home/yoheen/robotics_ws/install/apriltag_perception/lib/python3.12/site-packages/apriltag_perception
[1.330s] copying /home/yoheen/robotics_ws/build/apriltag_perception/build/lib/apriltag_perception/__init__.py -> /home/yoheen/robotics_ws/install/apriltag_perception/lib/python3.12/site-packages/apriltag_perception
[1.330s] copying /home/yoheen/robotics_ws/build/apriltag_perception/build/lib/apriltag_perception/apriltag_publisher.py -> /home/yoheen/robotics_ws/install/apriltag_perception/lib/python3.12/site-packages/apriltag_perception
[1.330s] copying /home/yoheen/robotics_ws/build/apriltag_perception/build/lib/apriltag_perception/apriltag_subscriber.py -> /home/yoheen/robotics_ws/install/apriltag_perception/lib/python3.12/site-packages/apriltag_perception
[1.330s] byte-compiling /home/yoheen/robotics_ws/install/apriltag_perception/lib/python3.12/site-packages/apriltag_perception/__init__.py to __init__.cpython-312.pyc
[1.330s] byte-compiling /home/yoheen/robotics_ws/install/apriltag_perception/lib/python3.12/site-packages/apriltag_perception/apriltag_publisher.py to apriltag_publisher.cpython-312.pyc
[1.331s] byte-compiling /home/yoheen/robotics_ws/install/apriltag_perception/lib/python3.12/site-packages/apriltag_perception/apriltag_subscriber.py to apriltag_subscriber.cpython-312.pyc
[1.331s] running install_data
[1.331s] creating /home/yoheen/robotics_ws/install/apriltag_perception/share/ament_index
[1.332s] creating /home/yoheen/robotics_ws/install/apriltag_perception/share/ament_index/resource_index
[1.332s] creating /home/yoheen/robotics_ws/install/apriltag_perception/share/ament_index/resource_index/packages
[1.332s] copying resource/apriltag_perception -> /home/yoheen/robotics_ws/install/apriltag_perception/share/ament_index/resource_index/packages
[1.332s] copying package.xml -> /home/yoheen/robotics_ws/install/apriltag_perception/share/apriltag_perception
[1.332s] running install_egg_info
[1.350s] Copying ../../build/apriltag_perception/apriltag_perception.egg-info to /home/yoheen/robotics_ws/install/apriltag_perception/lib/python3.12/site-packages/apriltag_perception-0.0.0-py3.12.egg-info
[1.351s] running install_scripts
[1.462s] Installing apriltag_publisher script to /home/yoheen/robotics_ws/install/apriltag_perception/lib/apriltag_perception
[1.462s] Installing apriltag_subscriber script to /home/yoheen/robotics_ws/install/apriltag_perception/lib/apriltag_perception
[1.462s] writing list of installed files to '/home/yoheen/robotics_ws/build/apriltag_perception/install.log'
[1.488s] Invoked command in '/home/yoheen/robotics_ws/src/apriltag_perception' returned '0': PYTHONPATH=/home/yoheen/robotics_ws/build/apriltag_perception/prefix_override:/usr/lib/python3/dist-packages/colcon_core/task/python/colcon_distutils_commands:/home/yoheen/robotics_ws/install/apriltag_perception/lib/python3.12/site-packages:${PYTHONPATH} /usr/bin/python3 -W ignore:setup.py install is deprecated -W ignore:easy_install command is deprecated setup.py egg_info --egg-base ../../build/apriltag_perception build --build-base /home/yoheen/robotics_ws/build/apriltag_perception/build install --record /home/yoheen/robotics_ws/build/apriltag_perception/install.log --single-version-externally-managed install_data
