[1.803s] Invoking command in '/home/yoheen/robotics_ws/src/apriltag_perception': PYTHONPATH=/home/yoheen/robotics_ws/build/apriltag_perception/prefix_override:/usr/lib/python3/dist-packages/colcon_core/task/python/colcon_distutils_commands:/home/yoheen/robotics_ws/install/apriltag_perception/lib/python3.12/site-packages:${PYTHONPATH} /usr/bin/python3 -W ignore:setup.py install is deprecated -W ignore:easy_install command is deprecated setup.py egg_info --egg-base ../../build/apriltag_perception build --build-base /home/yoheen/robotics_ws/build/apriltag_perception/build install --record /home/yoheen/robotics_ws/build/apriltag_perception/install.log --single-version-externally-managed install_data
[2.102s] running egg_info
[2.127s] writing ../../build/apriltag_perception/apriltag_perception.egg-info/PKG-INFO
[2.128s] writing dependency_links to ../../build/apriltag_perception/apriltag_perception.egg-info/dependency_links.txt
[2.128s] writing entry points to ../../build/apriltag_perception/apriltag_perception.egg-info/entry_points.txt
[2.128s] writing requirements to ../../build/apriltag_perception/apriltag_perception.egg-info/requires.txt
[2.128s] writing top-level names to ../../build/apriltag_perception/apriltag_perception.egg-info/top_level.txt
[2.170s] reading manifest file '../../build/apriltag_perception/apriltag_perception.egg-info/SOURCES.txt'
[2.172s] writing manifest file '../../build/apriltag_perception/apriltag_perception.egg-info/SOURCES.txt'
[2.172s] running build
[2.172s] running build_py
[2.172s] copying apriltag_perception/pose_publisher.py -> /home/yoheen/robotics_ws/build/apriltag_perception/build/lib/apriltag_perception
[2.173s] copying apriltag_perception/pose_detect.py -> /home/yoheen/robotics_ws/build/apriltag_perception/build/lib/apriltag_perception
[2.174s] running install
[2.182s] running install_lib
[2.202s] copying /home/yoheen/robotics_ws/build/apriltag_perception/build/lib/apriltag_perception/pose_publisher.py -> /home/yoheen/robotics_ws/install/apriltag_perception/lib/python3.12/site-packages/apriltag_perception
[2.203s] copying /home/yoheen/robotics_ws/build/apriltag_perception/build/lib/apriltag_perception/pose_detect.py -> /home/yoheen/robotics_ws/install/apriltag_perception/lib/python3.12/site-packages/apriltag_perception
[2.203s] byte-compiling /home/yoheen/robotics_ws/install/apriltag_perception/lib/python3.12/site-packages/apriltag_perception/pose_publisher.py to pose_publisher.cpython-312.pyc
[2.205s] byte-compiling /home/yoheen/robotics_ws/install/apriltag_perception/lib/python3.12/site-packages/apriltag_perception/pose_detect.py to pose_detect.cpython-312.pyc
[2.206s] running install_data
[2.206s] running install_egg_info
[2.228s] removing '/home/yoheen/robotics_ws/install/apriltag_perception/lib/python3.12/site-packages/apriltag_perception-0.0.0-py3.12.egg-info' (and everything under it)
[2.228s] Copying ../../build/apriltag_perception/apriltag_perception.egg-info to /home/yoheen/robotics_ws/install/apriltag_perception/lib/python3.12/site-packages/apriltag_perception-0.0.0-py3.12.egg-info
[2.231s] running install_scripts
[2.371s] Installing apriltag_publisher script to /home/yoheen/robotics_ws/install/apriltag_perception/lib/apriltag_perception
[2.371s] Installing apriltag_subscriber script to /home/yoheen/robotics_ws/install/apriltag_perception/lib/apriltag_perception
[2.372s] Installing pose_publisher script to /home/yoheen/robotics_ws/install/apriltag_perception/lib/apriltag_perception
[2.372s] writing list of installed files to '/home/yoheen/robotics_ws/build/apriltag_perception/install.log'
[2.404s] Invoked command in '/home/yoheen/robotics_ws/src/apriltag_perception' returned '0': PYTHONPATH=/home/yoheen/robotics_ws/build/apriltag_perception/prefix_override:/usr/lib/python3/dist-packages/colcon_core/task/python/colcon_distutils_commands:/home/yoheen/robotics_ws/install/apriltag_perception/lib/python3.12/site-packages:${PYTHONPATH} /usr/bin/python3 -W ignore:setup.py install is deprecated -W ignore:easy_install command is deprecated setup.py egg_info --egg-base ../../build/apriltag_perception build --build-base /home/yoheen/robotics_ws/build/apriltag_perception/build install --record /home/yoheen/robotics_ws/build/apriltag_perception/install.log --single-version-externally-managed install_data
