/home/yoheen/Robotic-Space-Hand-Algorithm/install/apriltag_perception/lib/python3.12/site-packages/apriltag_perception/gesture_collector.py
/home/yoheen/Robotic-Space-Hand-Algorithm/install/apriltag_perception/lib/python3.12/site-packages/apriltag_perception/__init__.py
/home/yoheen/Robotic-Space-Hand-Algorithm/install/apriltag_perception/lib/python3.12/site-packages/apriltag_perception/apriltag_publisher.py
/home/yoheen/Robotic-Space-Hand-Algorithm/install/apriltag_perception/lib/python3.12/site-packages/apriltag_perception/pose_publisher.py
/home/yoheen/Robotic-Space-Hand-Algorithm/install/apriltag_perception/lib/python3.12/site-packages/apriltag_perception/pose_detect.py
/home/yoheen/Robotic-Space-Hand-Algorithm/install/apriltag_perception/lib/python3.12/site-packages/apriltag_perception/apriltag_subscriber.py
/home/yoheen/Robotic-Space-Hand-Algorithm/install/apriltag_perception/lib/python3.12/site-packages/apriltag_perception/__pycache__/gesture_collector.cpython-312.pyc
/home/yoheen/Robotic-Space-Hand-Algorithm/install/apriltag_perception/lib/python3.12/site-packages/apriltag_perception/__pycache__/__init__.cpython-312.pyc
/home/yoheen/Robotic-Space-Hand-Algorithm/install/apriltag_perception/lib/python3.12/site-packages/apriltag_perception/__pycache__/apriltag_publisher.cpython-312.pyc
/home/yoheen/Robotic-Space-Hand-Algorithm/install/apriltag_perception/lib/python3.12/site-packages/apriltag_perception/__pycache__/pose_publisher.cpython-312.pyc
/home/yoheen/Robotic-Space-Hand-Algorithm/install/apriltag_perception/lib/python3.12/site-packages/apriltag_perception/__pycache__/pose_detect.cpython-312.pyc
/home/yoheen/Robotic-Space-Hand-Algorithm/install/apriltag_perception/lib/python3.12/site-packages/apriltag_perception/__pycache__/apriltag_subscriber.cpython-312.pyc
/home/yoheen/Robotic-Space-Hand-Algorithm/install/apriltag_perception/share/ament_index/resource_index/packages/apriltag_perception
/home/yoheen/Robotic-Space-Hand-Algorithm/install/apriltag_perception/share/apriltag_perception/package.xml
/home/yoheen/Robotic-Space-Hand-Algorithm/install/apriltag_perception/lib/python3.12/site-packages/apriltag_perception-0.0.0-py3.12.egg-info/requires.txt
/home/yoheen/Robotic-Space-Hand-Algorithm/install/apriltag_perception/lib/python3.12/site-packages/apriltag_perception-0.0.0-py3.12.egg-info/entry_points.txt
/home/yoheen/Robotic-Space-Hand-Algorithm/install/apriltag_perception/lib/python3.12/site-packages/apriltag_perception-0.0.0-py3.12.egg-info/dependency_links.txt
/home/yoheen/Robotic-Space-Hand-Algorithm/install/apriltag_perception/lib/python3.12/site-packages/apriltag_perception-0.0.0-py3.12.egg-info/zip-safe
/home/yoheen/Robotic-Space-Hand-Algorithm/install/apriltag_perception/lib/python3.12/site-packages/apriltag_perception-0.0.0-py3.12.egg-info/SOURCES.txt
/home/yoheen/Robotic-Space-Hand-Algorithm/install/apriltag_perception/lib/python3.12/site-packages/apriltag_perception-0.0.0-py3.12.egg-info/PKG-INFO
/home/yoheen/Robotic-Space-Hand-Algorithm/install/apriltag_perception/lib/python3.12/site-packages/apriltag_perception-0.0.0-py3.12.egg-info/top_level.txt
/home/yoheen/Robotic-Space-Hand-Algorithm/install/apriltag_perception/lib/apriltag_perception/apriltag_publisher
/home/yoheen/Robotic-Space-Hand-Algorithm/install/apriltag_perception/lib/apriltag_perception/apriltag_subscriber
/home/yoheen/Robotic-Space-Hand-Algorithm/install/apriltag_perception/lib/apriltag_perception/gesture_collector
/home/yoheen/Robotic-Space-Hand-Algorithm/install/apriltag_perception/lib/apriltag_perception/pose_publisher
