running egg_info
creating ../../../build/apriltag_perception/apriltag_perception.egg-info
writing ../../../build/apriltag_perception/apriltag_perception.egg-info/PKG-INFO
writing dependency_links to ../../../build/apriltag_perception/apriltag_perception.egg-info/dependency_links.txt
writing entry points to ../../../build/apriltag_perception/apriltag_perception.egg-info/entry_points.txt
writing requirements to ../../../build/apriltag_perception/apriltag_perception.egg-info/requires.txt
writing top-level names to ../../../build/apriltag_perception/apriltag_perception.egg-info/top_level.txt
writing manifest file '../../../build/apriltag_perception/apriltag_perception.egg-info/SOURCES.txt'
reading manifest file '../../../build/apriltag_perception/apriltag_perception.egg-info/SOURCES.txt'
writing manifest file '../../../build/apriltag_perception/apriltag_perception.egg-info/SOURCES.txt'
running build
running build_py
creating /home/yoheen/Robotic-Space-Hand-Algorithm/build/apriltag_perception/build
creating /home/yoheen/Robotic-Space-Hand-Algorithm/build/apriltag_perception/build/lib
creating /home/yoheen/Robotic-Space-Hand-Algorithm/build/apriltag_perception/build/lib/apriltag_perception
copying apriltag_perception/gesture_collector.py -> /home/yoheen/Robotic-Space-Hand-Algorithm/build/apriltag_perception/build/lib/apriltag_perception
copying apriltag_perception/__init__.py -> /home/yoheen/Robotic-Space-Hand-Algorithm/build/apriltag_perception/build/lib/apriltag_perception
copying apriltag_perception/apriltag_publisher.py -> /home/yoheen/Robotic-Space-Hand-Algorithm/build/apriltag_perception/build/lib/apriltag_perception
copying apriltag_perception/pose_publisher.py -> /home/yoheen/Robotic-Space-Hand-Algorithm/build/apriltag_perception/build/lib/apriltag_perception
copying apriltag_perception/pose_detect.py -> /home/yoheen/Robotic-Space-Hand-Algorithm/build/apriltag_perception/build/lib/apriltag_perception
copying apriltag_perception/apriltag_subscriber.py -> /home/yoheen/Robotic-Space-Hand-Algorithm/build/apriltag_perception/build/lib/apriltag_perception
running install
running install_lib
creating /home/yoheen/Robotic-Space-Hand-Algorithm/install/apriltag_perception/lib/python3.12/site-packages/apriltag_perception
copying /home/yoheen/Robotic-Space-Hand-Algorithm/build/apriltag_perception/build/lib/apriltag_perception/gesture_collector.py -> /home/yoheen/Robotic-Space-Hand-Algorithm/install/apriltag_perception/lib/python3.12/site-packages/apriltag_perception
copying /home/yoheen/Robotic-Space-Hand-Algorithm/build/apriltag_perception/build/lib/apriltag_perception/__init__.py -> /home/yoheen/Robotic-Space-Hand-Algorithm/install/apriltag_perception/lib/python3.12/site-packages/apriltag_perception
copying /home/yoheen/Robotic-Space-Hand-Algorithm/build/apriltag_perception/build/lib/apriltag_perception/apriltag_publisher.py -> /home/yoheen/Robotic-Space-Hand-Algorithm/install/apriltag_perception/lib/python3.12/site-packages/apriltag_perception
copying /home/yoheen/Robotic-Space-Hand-Algorithm/build/apriltag_perception/build/lib/apriltag_perception/pose_publisher.py -> /home/yoheen/Robotic-Space-Hand-Algorithm/install/apriltag_perception/lib/python3.12/site-packages/apriltag_perception
copying /home/yoheen/Robotic-Space-Hand-Algorithm/build/apriltag_perception/build/lib/apriltag_perception/pose_detect.py -> /home/yoheen/Robotic-Space-Hand-Algorithm/install/apriltag_perception/lib/python3.12/site-packages/apriltag_perception
copying /home/yoheen/Robotic-Space-Hand-Algorithm/build/apriltag_perception/build/lib/apriltag_perception/apriltag_subscriber.py -> /home/yoheen/Robotic-Space-Hand-Algorithm/install/apriltag_perception/lib/python3.12/site-packages/apriltag_perception
byte-compiling /home/yoheen/Robotic-Space-Hand-Algorithm/install/apriltag_perception/lib/python3.12/site-packages/apriltag_perception/gesture_collector.py to gesture_collector.cpython-312.pyc
byte-compiling /home/yoheen/Robotic-Space-Hand-Algorithm/install/apriltag_perception/lib/python3.12/site-packages/apriltag_perception/__init__.py to __init__.cpython-312.pyc
byte-compiling /home/yoheen/Robotic-Space-Hand-Algorithm/install/apriltag_perception/lib/python3.12/site-packages/apriltag_perception/apriltag_publisher.py to apriltag_publisher.cpython-312.pyc
byte-compiling /home/yoheen/Robotic-Space-Hand-Algorithm/install/apriltag_perception/lib/python3.12/site-packages/apriltag_perception/pose_publisher.py to pose_publisher.cpython-312.pyc
byte-compiling /home/yoheen/Robotic-Space-Hand-Algorithm/install/apriltag_perception/lib/python3.12/site-packages/apriltag_perception/pose_detect.py to pose_detect.cpython-312.pyc
byte-compiling /home/yoheen/Robotic-Space-Hand-Algorithm/install/apriltag_perception/lib/python3.12/site-packages/apriltag_perception/apriltag_subscriber.py to apriltag_subscriber.cpython-312.pyc
running install_data
creating /home/yoheen/Robotic-Space-Hand-Algorithm/install/apriltag_perception/share/ament_index
creating /home/yoheen/Robotic-Space-Hand-Algorithm/install/apriltag_perception/share/ament_index/resource_index
creating /home/yoheen/Robotic-Space-Hand-Algorithm/install/apriltag_perception/share/ament_index/resource_index/packages
copying resource/apriltag_perception -> /home/yoheen/Robotic-Space-Hand-Algorithm/install/apriltag_perception/share/ament_index/resource_index/packages
copying package.xml -> /home/yoheen/Robotic-Space-Hand-Algorithm/install/apriltag_perception/share/apriltag_perception
running install_egg_info
Copying ../../../build/apriltag_perception/apriltag_perception.egg-info to /home/yoheen/Robotic-Space-Hand-Algorithm/install/apriltag_perception/lib/python3.12/site-packages/apriltag_perception-0.0.0-py3.12.egg-info
running install_scripts
Installing apriltag_publisher script to /home/yoheen/Robotic-Space-Hand-Algorithm/install/apriltag_perception/lib/apriltag_perception
Installing apriltag_subscriber script to /home/yoheen/Robotic-Space-Hand-Algorithm/install/apriltag_perception/lib/apriltag_perception
Installing gesture_collector script to /home/yoheen/Robotic-Space-Hand-Algorithm/install/apriltag_perception/lib/apriltag_perception
Installing pose_publisher script to /home/yoheen/Robotic-Space-Hand-Algorithm/install/apriltag_perception/lib/apriltag_perception
writing list of installed files to '/home/yoheen/Robotic-Space-Hand-Algorithm/build/apriltag_perception/install.log'
