[0.879s] Invoking command in '/home/yoheen/Robotic-Space-Hand-Algorithm/robotics_ws/src/apriltag_perception': PYTHONPATH=/home/yoheen/Robotic-Space-Hand-Algorithm/robotics_ws/build/apriltag_perception/prefix_override:/usr/lib/python3/dist-packages/colcon_core/task/python/colcon_distutils_commands:/home/yoheen/Robotic-Space-Hand-Algorithm/robotics_ws/install/apriltag_perception/lib/python3.12/site-packages:${PYTHONPATH} /usr/bin/python3 -W ignore:setup.py install is deprecated -W ignore:easy_install command is deprecated setup.py egg_info --egg-base ../../build/apriltag_perception build --build-base /home/yoheen/Robotic-Space-Hand-Algorithm/robotics_ws/build/apriltag_perception/build install --record /home/yoheen/Robotic-Space-Hand-Algorithm/robotics_ws/build/apriltag_perception/install.log --single-version-externally-managed install_data
[1.122s] running egg_info
[1.138s] writing ../../build/apriltag_perception/apriltag_perception.egg-info/PKG-INFO
[1.139s] writing dependency_links to ../../build/apriltag_perception/apriltag_perception.egg-info/dependency_links.txt
[1.139s] writing entry points to ../../build/apriltag_perception/apriltag_perception.egg-info/entry_points.txt
[1.139s] writing requirements to ../../build/apriltag_perception/apriltag_perception.egg-info/requires.txt
[1.139s] writing top-level names to ../../build/apriltag_perception/apriltag_perception.egg-info/top_level.txt
[1.177s] reading manifest file '../../build/apriltag_perception/apriltag_perception.egg-info/SOURCES.txt'
[1.178s] writing manifest file '../../build/apriltag_perception/apriltag_perception.egg-info/SOURCES.txt'
[1.178s] running build
[1.179s] running build_py
[1.179s] copying apriltag_perception/pose_publisher.py -> /home/yoheen/Robotic-Space-Hand-Algorithm/robotics_ws/build/apriltag_perception/build/lib/apriltag_perception
[1.179s] running install
[1.185s] running install_lib
[1.202s] copying /home/yoheen/Robotic-Space-Hand-Algorithm/robotics_ws/build/apriltag_perception/build/lib/apriltag_perception/pose_publisher.py -> /home/yoheen/Robotic-Space-Hand-Algorithm/robotics_ws/install/apriltag_perception/lib/python3.12/site-packages/apriltag_perception
[1.203s] byte-compiling /home/yoheen/Robotic-Space-Hand-Algorithm/robotics_ws/install/apriltag_perception/lib/python3.12/site-packages/apriltag_perception/pose_publisher.py to pose_publisher.cpython-312.pyc
[1.205s] running install_data
[1.205s] running install_egg_info
[1.223s] removing '/home/yoheen/Robotic-Space-Hand-Algorithm/robotics_ws/install/apriltag_perception/lib/python3.12/site-packages/apriltag_perception-0.0.0-py3.12.egg-info' (and everything under it)
[1.224s] Copying ../../build/apriltag_perception/apriltag_perception.egg-info to /home/yoheen/Robotic-Space-Hand-Algorithm/robotics_ws/install/apriltag_perception/lib/python3.12/site-packages/apriltag_perception-0.0.0-py3.12.egg-info
[1.224s] running install_scripts
[1.339s] Installing apriltag_publisher script to /home/yoheen/Robotic-Space-Hand-Algorithm/robotics_ws/install/apriltag_perception/lib/apriltag_perception
[1.339s] Installing apriltag_subscriber script to /home/yoheen/Robotic-Space-Hand-Algorithm/robotics_ws/install/apriltag_perception/lib/apriltag_perception
[1.339s] Installing pose_publisher script to /home/yoheen/Robotic-Space-Hand-Algorithm/robotics_ws/install/apriltag_perception/lib/apriltag_perception
[1.339s] writing list of installed files to '/home/yoheen/Robotic-Space-Hand-Algorithm/robotics_ws/build/apriltag_perception/install.log'
[1.364s] Invoked command in '/home/yoheen/Robotic-Space-Hand-Algorithm/robotics_ws/src/apriltag_perception' returned '0': PYTHONPATH=/home/yoheen/Robotic-Space-Hand-Algorithm/robotics_ws/build/apriltag_perception/prefix_override:/usr/lib/python3/dist-packages/colcon_core/task/python/colcon_distutils_commands:/home/yoheen/Robotic-Space-Hand-Algorithm/robotics_ws/install/apriltag_perception/lib/python3.12/site-packages:${PYTHONPATH} /usr/bin/python3 -W ignore:setup.py install is deprecated -W ignore:easy_install command is deprecated setup.py egg_info --egg-base ../../build/apriltag_perception build --build-base /home/yoheen/Robotic-Space-Hand-Algorithm/robotics_ws/build/apriltag_perception/build install --record /home/yoheen/Robotic-Space-Hand-Algorithm/robotics_ws/build/apriltag_perception/install.log --single-version-externally-managed install_data
