[0.652s] DEBUG:colcon:Command line arguments: ['/usr/bin/colcon', 'build']
[0.652s] DEBUG:colcon:Parsed command line arguments: Namespace(log_base=None, log_level=None, verb_name='build', build_base='build', install_base='install', merge_install=False, symlink_install=False, test_result_base=None, continue_on_error=False, executor='parallel', parallel_workers=32, event_handlers=None, ignore_user_meta=False, metas=['./colcon.meta'], base_paths=['.'], packages_ignore=None, packages_ignore_regex=None, paths=None, packages_up_to=None, packages_up_to_regex=None, packages_above=None, packages_above_and_dependencies=None, packages_above_depth=None, packages_select_by_dep=None, packages_skip_by_dep=None, packages_skip_up_to=None, packages_select_build_failed=False, packages_skip_build_finished=False, packages_select_test_failures=False, packages_skip_test_passed=False, packages_select=None, packages_skip=None, packages_select_regex=None, packages_skip_regex=None, packages_start=None, packages_end=None, allow_overriding=[], cmake_args=None, cmake_target=None, cmake_target_skip_unavailable=False, cmake_clean_cache=False, cmake_clean_first=False, cmake_force_configure=False, ament_cmake_args=None, catkin_cmake_args=None, catkin_skip_building_tests=False, mixin_files=None, mixin=None, verb_parser=<colcon_mixin.mixin.mixin_argument.MixinArgumentDecorator object at 0x7f60bae129c0>, verb_extension=<colcon_core.verb.build.BuildVerb object at 0x7f60badc5b80>, main=<bound method BuildVerb.main of <colcon_core.verb.build.BuildVerb object at 0x7f60badc5b80>>, mixin_verb=('build',))
[0.759s] Level 1:colcon.colcon_core.package_discovery:discover_packages(colcon_meta) check parameters
[0.760s] Level 1:colcon.colcon_core.package_discovery:discover_packages(recursive) check parameters
[0.760s] Level 1:colcon.colcon_core.package_discovery:discover_packages(ignore) check parameters
[0.760s] Level 1:colcon.colcon_core.package_discovery:discover_packages(path) check parameters
[0.760s] Level 1:colcon.colcon_core.package_discovery:discover_packages(colcon_meta) discover
[0.760s] Level 1:colcon.colcon_core.package_discovery:discover_packages(recursive) discover
[0.760s] INFO:colcon.colcon_core.package_discovery:Crawling recursively for packages in '/home/yoheen/Robotic-Space-Hand-Algorithm'
[0.760s] Level 1:colcon.colcon_core.package_identification:_identify(.) by extensions ['ignore', 'ignore_ament_install']
[0.760s] Level 1:colcon.colcon_core.package_identification:_identify(.) by extension 'ignore'
[0.760s] Level 1:colcon.colcon_core.package_identification:_identify(.) by extension 'ignore_ament_install'
[0.761s] Level 1:colcon.colcon_core.package_identification:_identify(.) by extensions ['colcon_pkg']
[0.761s] Level 1:colcon.colcon_core.package_identification:_identify(.) by extension 'colcon_pkg'
[0.761s] Level 1:colcon.colcon_core.package_identification:_identify(.) by extensions ['colcon_meta']
[0.761s] Level 1:colcon.colcon_core.package_identification:_identify(.) by extension 'colcon_meta'
[0.761s] Level 1:colcon.colcon_core.package_identification:_identify(.) by extensions ['ros']
[0.761s] Level 1:colcon.colcon_core.package_identification:_identify(.) by extension 'ros'
[0.810s] Level 1:colcon.colcon_core.package_identification:_identify(.) by extensions ['cmake', 'python']
[0.810s] Level 1:colcon.colcon_core.package_identification:_identify(.) by extension 'cmake'
[0.810s] Level 1:colcon.colcon_core.package_identification:_identify(.) by extension 'python'
[0.810s] Level 1:colcon.colcon_core.package_identification:_identify(.) by extensions ['python_setup_py']
[0.810s] Level 1:colcon.colcon_core.package_identification:_identify(.) by extension 'python_setup_py'
[0.811s] Level 1:colcon.colcon_core.package_identification:_identify(build) by extensions ['ignore', 'ignore_ament_install']
[0.811s] Level 1:colcon.colcon_core.package_identification:_identify(build) by extension 'ignore'
[0.811s] Level 1:colcon.colcon_core.package_identification:_identify(build) ignored
[0.812s] Level 1:colcon.colcon_core.package_identification:_identify(install) by extensions ['ignore', 'ignore_ament_install']
[0.812s] Level 1:colcon.colcon_core.package_identification:_identify(install) by extension 'ignore'
[0.812s] Level 1:colcon.colcon_core.package_identification:_identify(install) ignored
[0.813s] Level 1:colcon.colcon_core.package_identification:_identify(log) by extensions ['ignore', 'ignore_ament_install']
[0.813s] Level 1:colcon.colcon_core.package_identification:_identify(log) by extension 'ignore'
[0.813s] Level 1:colcon.colcon_core.package_identification:_identify(log) ignored
[0.813s] Level 1:colcon.colcon_core.package_identification:_identify(opencv) by extensions ['ignore', 'ignore_ament_install']
[0.813s] Level 1:colcon.colcon_core.package_identification:_identify(opencv) by extension 'ignore'
[0.813s] Level 1:colcon.colcon_core.package_identification:_identify(opencv) by extension 'ignore_ament_install'
[0.814s] Level 1:colcon.colcon_core.package_identification:_identify(opencv) by extensions ['colcon_pkg']
[0.814s] Level 1:colcon.colcon_core.package_identification:_identify(opencv) by extension 'colcon_pkg'
[0.814s] Level 1:colcon.colcon_core.package_identification:_identify(opencv) by extensions ['colcon_meta']
[0.814s] Level 1:colcon.colcon_core.package_identification:_identify(opencv) by extension 'colcon_meta'
[0.814s] Level 1:colcon.colcon_core.package_identification:_identify(opencv) by extensions ['ros']
[0.814s] Level 1:colcon.colcon_core.package_identification:_identify(opencv) by extension 'ros'
[0.814s] Level 1:colcon.colcon_core.package_identification:_identify(opencv) by extensions ['cmake', 'python']
[0.814s] Level 1:colcon.colcon_core.package_identification:_identify(opencv) by extension 'cmake'
[0.814s] Level 1:colcon.colcon_core.package_identification:_identify(opencv) by extension 'python'
[0.814s] Level 1:colcon.colcon_core.package_identification:_identify(opencv) by extensions ['python_setup_py']
[0.814s] Level 1:colcon.colcon_core.package_identification:_identify(opencv) by extension 'python_setup_py'
[0.815s] Level 1:colcon.colcon_core.package_identification:_identify(opencv/log) by extensions ['ignore', 'ignore_ament_install']
[0.815s] Level 1:colcon.colcon_core.package_identification:_identify(opencv/log) by extension 'ignore'
[0.815s] Level 1:colcon.colcon_core.package_identification:_identify(opencv/log) ignored
[0.815s] Level 1:colcon.colcon_core.package_identification:_identify(robotics_ws) by extensions ['ignore', 'ignore_ament_install']
[0.815s] Level 1:colcon.colcon_core.package_identification:_identify(robotics_ws) by extension 'ignore'
[0.815s] Level 1:colcon.colcon_core.package_identification:_identify(robotics_ws) by extension 'ignore_ament_install'
[0.816s] Level 1:colcon.colcon_core.package_identification:_identify(robotics_ws) by extensions ['colcon_pkg']
[0.816s] Level 1:colcon.colcon_core.package_identification:_identify(robotics_ws) by extension 'colcon_pkg'
[0.816s] Level 1:colcon.colcon_core.package_identification:_identify(robotics_ws) by extensions ['colcon_meta']
[0.816s] Level 1:colcon.colcon_core.package_identification:_identify(robotics_ws) by extension 'colcon_meta'
[0.816s] Level 1:colcon.colcon_core.package_identification:_identify(robotics_ws) by extensions ['ros']
[0.816s] Level 1:colcon.colcon_core.package_identification:_identify(robotics_ws) by extension 'ros'
[0.816s] Level 1:colcon.colcon_core.package_identification:_identify(robotics_ws) by extensions ['cmake', 'python']
[0.816s] Level 1:colcon.colcon_core.package_identification:_identify(robotics_ws) by extension 'cmake'
[0.816s] Level 1:colcon.colcon_core.package_identification:_identify(robotics_ws) by extension 'python'
[0.816s] Level 1:colcon.colcon_core.package_identification:_identify(robotics_ws) by extensions ['python_setup_py']
[0.816s] Level 1:colcon.colcon_core.package_identification:_identify(robotics_ws) by extension 'python_setup_py'
[0.817s] Level 1:colcon.colcon_core.package_identification:_identify(robotics_ws/build) by extensions ['ignore', 'ignore_ament_install']
[0.817s] Level 1:colcon.colcon_core.package_identification:_identify(robotics_ws/build) by extension 'ignore'
[0.817s] Level 1:colcon.colcon_core.package_identification:_identify(robotics_ws/build) ignored
[0.817s] Level 1:colcon.colcon_core.package_identification:_identify(robotics_ws/install) by extensions ['ignore', 'ignore_ament_install']
[0.817s] Level 1:colcon.colcon_core.package_identification:_identify(robotics_ws/install) by extension 'ignore'
[0.818s] Level 1:colcon.colcon_core.package_identification:_identify(robotics_ws/install) ignored
[0.818s] Level 1:colcon.colcon_core.package_identification:_identify(robotics_ws/log) by extensions ['ignore', 'ignore_ament_install']
[0.818s] Level 1:colcon.colcon_core.package_identification:_identify(robotics_ws/log) by extension 'ignore'
[0.818s] Level 1:colcon.colcon_core.package_identification:_identify(robotics_ws/log) ignored
[0.819s] Level 1:colcon.colcon_core.package_identification:_identify(robotics_ws/src) by extensions ['ignore', 'ignore_ament_install']
[0.819s] Level 1:colcon.colcon_core.package_identification:_identify(robotics_ws/src) by extension 'ignore'
[0.819s] Level 1:colcon.colcon_core.package_identification:_identify(robotics_ws/src) by extension 'ignore_ament_install'
[0.819s] Level 1:colcon.colcon_core.package_identification:_identify(robotics_ws/src) by extensions ['colcon_pkg']
[0.819s] Level 1:colcon.colcon_core.package_identification:_identify(robotics_ws/src) by extension 'colcon_pkg'
[0.819s] Level 1:colcon.colcon_core.package_identification:_identify(robotics_ws/src) by extensions ['colcon_meta']
[0.819s] Level 1:colcon.colcon_core.package_identification:_identify(robotics_ws/src) by extension 'colcon_meta'
[0.819s] Level 1:colcon.colcon_core.package_identification:_identify(robotics_ws/src) by extensions ['ros']
[0.820s] Level 1:colcon.colcon_core.package_identification:_identify(robotics_ws/src) by extension 'ros'
[0.820s] Level 1:colcon.colcon_core.package_identification:_identify(robotics_ws/src) by extensions ['cmake', 'python']
[0.820s] Level 1:colcon.colcon_core.package_identification:_identify(robotics_ws/src) by extension 'cmake'
[0.820s] Level 1:colcon.colcon_core.package_identification:_identify(robotics_ws/src) by extension 'python'
[0.820s] Level 1:colcon.colcon_core.package_identification:_identify(robotics_ws/src) by extensions ['python_setup_py']
[0.820s] Level 1:colcon.colcon_core.package_identification:_identify(robotics_ws/src) by extension 'python_setup_py'
[0.820s] Level 1:colcon.colcon_core.package_identification:_identify(robotics_ws/src/apriltag_perception) by extensions ['ignore', 'ignore_ament_install']
[0.820s] Level 1:colcon.colcon_core.package_identification:_identify(robotics_ws/src/apriltag_perception) by extension 'ignore'
[0.820s] Level 1:colcon.colcon_core.package_identification:_identify(robotics_ws/src/apriltag_perception) by extension 'ignore_ament_install'
[0.820s] Level 1:colcon.colcon_core.package_identification:_identify(robotics_ws/src/apriltag_perception) by extensions ['colcon_pkg']
[0.821s] Level 1:colcon.colcon_core.package_identification:_identify(robotics_ws/src/apriltag_perception) by extension 'colcon_pkg'
[0.821s] Level 1:colcon.colcon_core.package_identification:_identify(robotics_ws/src/apriltag_perception) by extensions ['colcon_meta']
[0.821s] Level 1:colcon.colcon_core.package_identification:_identify(robotics_ws/src/apriltag_perception) by extension 'colcon_meta'
[0.821s] Level 1:colcon.colcon_core.package_identification:_identify(robotics_ws/src/apriltag_perception) by extensions ['ros']
[0.821s] Level 1:colcon.colcon_core.package_identification:_identify(robotics_ws/src/apriltag_perception) by extension 'ros'
[0.825s] DEBUG:colcon.colcon_core.package_identification:Package 'robotics_ws/src/apriltag_perception' with type 'ros.ament_python' and name 'apriltag_perception'
[0.825s] Level 1:colcon.colcon_core.package_discovery:discover_packages(recursive) using defaults
[0.825s] Level 1:colcon.colcon_core.package_discovery:discover_packages(ignore) discover
[0.825s] Level 1:colcon.colcon_core.package_discovery:discover_packages(ignore) using defaults
[0.825s] Level 1:colcon.colcon_core.package_discovery:discover_packages(path) discover
[0.825s] Level 1:colcon.colcon_core.package_discovery:discover_packages(path) using defaults
[0.867s] Level 1:colcon.colcon_core.package_discovery:discover_packages(prefix_path) check parameters
[0.867s] Level 1:colcon.colcon_core.package_discovery:discover_packages(prefix_path) discover
[0.879s] DEBUG:colcon.colcon_installed_package_information.package_discovery:Found 1 installed packages in /home/yoheen/Robotic-Space-Hand-Algorithm/install
[0.881s] DEBUG:colcon.colcon_installed_package_information.package_discovery:Found 6 installed packages in /home/yoheen/ros_ambf_ws/install
[0.884s] DEBUG:colcon.colcon_installed_package_information.package_discovery:Found 320 installed packages in /opt/ros/jazzy
[0.885s] Level 1:colcon.colcon_core.package_discovery:discover_packages(prefix_path) using defaults
[1.070s] Level 5:colcon.colcon_core.verb:set package 'apriltag_perception' build argument 'cmake_args' from command line to 'None'
[1.070s] Level 5:colcon.colcon_core.verb:set package 'apriltag_perception' build argument 'cmake_target' from command line to 'None'
[1.070s] Level 5:colcon.colcon_core.verb:set package 'apriltag_perception' build argument 'cmake_target_skip_unavailable' from command line to 'False'
[1.070s] Level 5:colcon.colcon_core.verb:set package 'apriltag_perception' build argument 'cmake_clean_cache' from command line to 'False'
[1.070s] Level 5:colcon.colcon_core.verb:set package 'apriltag_perception' build argument 'cmake_clean_first' from command line to 'False'
[1.070s] Level 5:colcon.colcon_core.verb:set package 'apriltag_perception' build argument 'cmake_force_configure' from command line to 'False'
[1.071s] Level 5:colcon.colcon_core.verb:set package 'apriltag_perception' build argument 'ament_cmake_args' from command line to 'None'
[1.071s] Level 5:colcon.colcon_core.verb:set package 'apriltag_perception' build argument 'catkin_cmake_args' from command line to 'None'
[1.071s] Level 5:colcon.colcon_core.verb:set package 'apriltag_perception' build argument 'catkin_skip_building_tests' from command line to 'False'
[1.071s] DEBUG:colcon.colcon_core.verb:Building package 'apriltag_perception' with the following arguments: {'ament_cmake_args': None, 'build_base': '/home/yoheen/Robotic-Space-Hand-Algorithm/build/apriltag_perception', 'catkin_cmake_args': None, 'catkin_skip_building_tests': False, 'cmake_args': None, 'cmake_clean_cache': False, 'cmake_clean_first': False, 'cmake_force_configure': False, 'cmake_target': None, 'cmake_target_skip_unavailable': False, 'install_base': '/home/yoheen/Robotic-Space-Hand-Algorithm/install/apriltag_perception', 'merge_install': False, 'path': '/home/yoheen/Robotic-Space-Hand-Algorithm/robotics_ws/src/apriltag_perception', 'symlink_install': False, 'test_result_base': None}
[1.071s] INFO:colcon.colcon_core.executor:Executing jobs using 'parallel' executor
[1.072s] DEBUG:colcon.colcon_parallel_executor.executor.parallel:run_until_complete
[1.072s] INFO:colcon.colcon_ros.task.ament_python.build:Building ROS package in '/home/yoheen/Robotic-Space-Hand-Algorithm/robotics_ws/src/apriltag_perception' with build type 'ament_python'
[1.073s] Level 1:colcon.colcon_core.shell:create_environment_hook('apriltag_perception', 'ament_prefix_path')
[1.081s] INFO:colcon.colcon_core.plugin_system:Skipping extension 'colcon_core.shell.bat': Not used on non-Windows systems
[1.082s] INFO:colcon.colcon_core.shell:Creating environment hook '/home/yoheen/Robotic-Space-Hand-Algorithm/install/apriltag_perception/share/apriltag_perception/hook/ament_prefix_path.ps1'
[1.084s] INFO:colcon.colcon_core.shell:Creating environment descriptor '/home/yoheen/Robotic-Space-Hand-Algorithm/install/apriltag_perception/share/apriltag_perception/hook/ament_prefix_path.dsv'
[1.085s] INFO:colcon.colcon_core.shell:Creating environment hook '/home/yoheen/Robotic-Space-Hand-Algorithm/install/apriltag_perception/share/apriltag_perception/hook/ament_prefix_path.sh'
[1.086s] INFO:colcon.colcon_core.shell:Skip shell extension 'powershell' for command environment: Not usable outside of PowerShell
[1.086s] DEBUG:colcon.colcon_core.shell:Skip shell extension 'dsv' for command environment
[1.329s] INFO:colcon.colcon_core.task.python.build:Building Python package in '/home/yoheen/Robotic-Space-Hand-Algorithm/robotics_ws/src/apriltag_perception'
[1.330s] INFO:colcon.colcon_core.shell:Skip shell extension 'powershell' for command environment: Not usable outside of PowerShell
[1.330s] DEBUG:colcon.colcon_core.shell:Skip shell extension 'dsv' for command environment
[2.477s] DEBUG:colcon.colcon_core.event_handler.log_command:Invoking command in '/home/yoheen/Robotic-Space-Hand-Algorithm/robotics_ws/src/apriltag_perception': PYTHONPATH=/home/yoheen/Robotic-Space-Hand-Algorithm/build/apriltag_perception/prefix_override:/usr/lib/python3/dist-packages/colcon_core/task/python/colcon_distutils_commands:/home/yoheen/Robotic-Space-Hand-Algorithm/install/apriltag_perception/lib/python3.12/site-packages:${PYTHONPATH} /usr/bin/python3 -W ignore:setup.py install is deprecated -W ignore:easy_install command is deprecated setup.py egg_info --egg-base ../../../build/apriltag_perception build --build-base /home/yoheen/Robotic-Space-Hand-Algorithm/build/apriltag_perception/build install --record /home/yoheen/Robotic-Space-Hand-Algorithm/build/apriltag_perception/install.log --single-version-externally-managed install_data
[3.036s] DEBUG:colcon.colcon_core.event_handler.log_command:Invoked command in '/home/yoheen/Robotic-Space-Hand-Algorithm/robotics_ws/src/apriltag_perception' returned '0': PYTHONPATH=/home/yoheen/Robotic-Space-Hand-Algorithm/build/apriltag_perception/prefix_override:/usr/lib/python3/dist-packages/colcon_core/task/python/colcon_distutils_commands:/home/yoheen/Robotic-Space-Hand-Algorithm/install/apriltag_perception/lib/python3.12/site-packages:${PYTHONPATH} /usr/bin/python3 -W ignore:setup.py install is deprecated -W ignore:easy_install command is deprecated setup.py egg_info --egg-base ../../../build/apriltag_perception build --build-base /home/yoheen/Robotic-Space-Hand-Algorithm/build/apriltag_perception/build install --record /home/yoheen/Robotic-Space-Hand-Algorithm/build/apriltag_perception/install.log --single-version-externally-managed install_data
[3.046s] Level 1:colcon.colcon_core.environment:checking '/home/yoheen/Robotic-Space-Hand-Algorithm/install/apriltag_perception' for CMake module files
[3.047s] Level 1:colcon.colcon_core.environment:checking '/home/yoheen/Robotic-Space-Hand-Algorithm/install/apriltag_perception' for CMake config files
[3.051s] Level 1:colcon.colcon_core.environment:checking '/home/yoheen/Robotic-Space-Hand-Algorithm/install/apriltag_perception/lib'
[3.051s] Level 1:colcon.colcon_core.environment:checking '/home/yoheen/Robotic-Space-Hand-Algorithm/install/apriltag_perception/bin'
[3.051s] Level 1:colcon.colcon_core.environment:checking '/home/yoheen/Robotic-Space-Hand-Algorithm/install/apriltag_perception/lib/pkgconfig/apriltag_perception.pc'
[3.051s] Level 1:colcon.colcon_core.environment:checking '/home/yoheen/Robotic-Space-Hand-Algorithm/install/apriltag_perception/lib/python3.12/site-packages'
[3.052s] Level 1:colcon.colcon_core.shell:create_environment_hook('apriltag_perception', 'pythonpath')
[3.052s] INFO:colcon.colcon_core.shell:Creating environment hook '/home/yoheen/Robotic-Space-Hand-Algorithm/install/apriltag_perception/share/apriltag_perception/hook/pythonpath.ps1'
[3.052s] INFO:colcon.colcon_core.shell:Creating environment descriptor '/home/yoheen/Robotic-Space-Hand-Algorithm/install/apriltag_perception/share/apriltag_perception/hook/pythonpath.dsv'
[3.053s] INFO:colcon.colcon_core.shell:Creating environment hook '/home/yoheen/Robotic-Space-Hand-Algorithm/install/apriltag_perception/share/apriltag_perception/hook/pythonpath.sh'
[3.053s] Level 1:colcon.colcon_core.environment:checking '/home/yoheen/Robotic-Space-Hand-Algorithm/install/apriltag_perception/bin'
[3.053s] Level 1:colcon.colcon_core.environment:create_environment_scripts_only(apriltag_perception)
[3.054s] INFO:colcon.colcon_core.shell:Creating package script '/home/yoheen/Robotic-Space-Hand-Algorithm/install/apriltag_perception/share/apriltag_perception/package.ps1'
[3.055s] INFO:colcon.colcon_core.shell:Creating package descriptor '/home/yoheen/Robotic-Space-Hand-Algorithm/install/apriltag_perception/share/apriltag_perception/package.dsv'
[3.056s] INFO:colcon.colcon_core.shell:Creating package script '/home/yoheen/Robotic-Space-Hand-Algorithm/install/apriltag_perception/share/apriltag_perception/package.sh'
[3.057s] INFO:colcon.colcon_core.shell:Creating package script '/home/yoheen/Robotic-Space-Hand-Algorithm/install/apriltag_perception/share/apriltag_perception/package.bash'
[3.058s] INFO:colcon.colcon_core.shell:Creating package script '/home/yoheen/Robotic-Space-Hand-Algorithm/install/apriltag_perception/share/apriltag_perception/package.zsh'
[3.059s] Level 1:colcon.colcon_core.environment:create_file_with_runtime_dependencies(/home/yoheen/Robotic-Space-Hand-Algorithm/install/apriltag_perception/share/colcon-core/packages/apriltag_perception)
[3.060s] DEBUG:colcon.colcon_parallel_executor.executor.parallel:closing loop
[3.060s] DEBUG:colcon.colcon_parallel_executor.executor.parallel:loop closed
[3.060s] DEBUG:colcon.colcon_parallel_executor.executor.parallel:run_until_complete finished with '0'
[3.061s] DEBUG:colcon.colcon_core.event_reactor:joining thread
[3.181s] INFO:colcon.colcon_core.plugin_system:Skipping extension 'colcon_notification.desktop_notification.notify_send': Could not find 'notify-send'
[3.181s] INFO:colcon.colcon_core.plugin_system:Skipping extension 'colcon_notification.desktop_notification.terminal_notifier': Not used on non-Darwin systems
[3.181s] INFO:colcon.colcon_core.plugin_system:Skipping extension 'colcon_notification.desktop_notification.win32': Not used on non-Windows systems
[3.181s] INFO:colcon.colcon_notification.desktop_notification:Sending desktop notification using 'notify2'
[3.189s] DEBUG:colcon.colcon_notification.desktop_notification.notify2:Failed to initialize notify2: org.freedesktop.DBus.Error.ServiceUnknown: The name org.freedesktop.Notifications was not provided by any .service files
[3.189s] DEBUG:colcon.colcon_core.event_reactor:joined thread
[3.190s] INFO:colcon.colcon_core.shell:Creating prefix script '/home/yoheen/Robotic-Space-Hand-Algorithm/install/local_setup.ps1'
[3.191s] INFO:colcon.colcon_core.shell:Creating prefix util module '/home/yoheen/Robotic-Space-Hand-Algorithm/install/_local_setup_util_ps1.py'
[3.193s] INFO:colcon.colcon_core.shell:Creating prefix chain script '/home/yoheen/Robotic-Space-Hand-Algorithm/install/setup.ps1'
[3.194s] INFO:colcon.colcon_core.shell:Creating prefix script '/home/yoheen/Robotic-Space-Hand-Algorithm/install/local_setup.sh'
[3.195s] INFO:colcon.colcon_core.shell:Creating prefix util module '/home/yoheen/Robotic-Space-Hand-Algorithm/install/_local_setup_util_sh.py'
[3.196s] INFO:colcon.colcon_core.shell:Creating prefix chain script '/home/yoheen/Robotic-Space-Hand-Algorithm/install/setup.sh'
[3.197s] INFO:colcon.colcon_core.shell:Creating prefix script '/home/yoheen/Robotic-Space-Hand-Algorithm/install/local_setup.bash'
[3.198s] INFO:colcon.colcon_core.shell:Creating prefix chain script '/home/yoheen/Robotic-Space-Hand-Algorithm/install/setup.bash'
[3.199s] INFO:colcon.colcon_core.shell:Creating prefix script '/home/yoheen/Robotic-Space-Hand-Algorithm/install/local_setup.zsh'
[3.201s] INFO:colcon.colcon_core.shell:Creating prefix chain script '/home/yoheen/Robotic-Space-Hand-Algorithm/install/setup.zsh'
