[0.905s] Invoking command in '/home/yoheen/robotics_ws/src/apriltag_perception': PYTHONPATH=/home/yoheen/robotics_ws/build/apriltag_perception/prefix_override:/usr/lib/python3/dist-packages/colcon_core/task/python/colcon_distutils_commands:/home/yoheen/robotics_ws/install/apriltag_perception/lib/python3.12/site-packages:${PYTHONPATH} /usr/bin/python3 -W ignore:setup.py install is deprecated -W ignore:easy_install command is deprecated setup.py egg_info --egg-base ../../build/apriltag_perception build --build-base /home/yoheen/robotics_ws/build/apriltag_perception/build install --record /home/yoheen/robotics_ws/build/apriltag_perception/install.log --single-version-externally-managed install_data
[1.213s] running egg_info
[1.233s] writing ../../build/apriltag_perception/apriltag_perception.egg-info/PKG-INFO
[1.233s] writing dependency_links to ../../build/apriltag_perception/apriltag_perception.egg-info/dependency_links.txt
[1.234s] writing entry points to ../../build/apriltag_perception/apriltag_perception.egg-info/entry_points.txt
[1.234s] writing requirements to ../../build/apriltag_perception/apriltag_perception.egg-info/requires.txt
[1.234s] writing top-level names to ../../build/apriltag_perception/apriltag_perception.egg-info/top_level.txt
[1.280s] reading manifest file '../../build/apriltag_perception/apriltag_perception.egg-info/SOURCES.txt'
[1.281s] writing manifest file '../../build/apriltag_perception/apriltag_perception.egg-info/SOURCES.txt'
[1.281s] running build
[1.281s] running build_py
[1.282s] running install
[1.289s] running install_lib
[1.309s] running install_data
[1.309s] running install_egg_info
[1.331s] removing '/home/yoheen/robotics_ws/install/apriltag_perception/lib/python3.12/site-packages/apriltag_perception-0.0.0-py3.12.egg-info' (and everything under it)
[1.332s] Copying ../../build/apriltag_perception/apriltag_perception.egg-info to /home/yoheen/robotics_ws/install/apriltag_perception/lib/python3.12/site-packages/apriltag_perception-0.0.0-py3.12.egg-info
[1.333s] running install_scripts
[1.477s] Installing apriltag_publisher script to /home/yoheen/robotics_ws/install/apriltag_perception/lib/apriltag_perception
[1.487s] Installing apriltag_subscriber script to /home/yoheen/robotics_ws/install/apriltag_perception/lib/apriltag_perception
[1.487s] Installing pose_publisher script to /home/yoheen/robotics_ws/install/apriltag_perception/lib/apriltag_perception
[1.488s] writing list of installed files to '/home/yoheen/robotics_ws/build/apriltag_perception/install.log'
[1.519s] Invoked command in '/home/yoheen/robotics_ws/src/apriltag_perception' returned '0': PYTHONPATH=/home/yoheen/robotics_ws/build/apriltag_perception/prefix_override:/usr/lib/python3/dist-packages/colcon_core/task/python/colcon_distutils_commands:/home/yoheen/robotics_ws/install/apriltag_perception/lib/python3.12/site-packages:${PYTHONPATH} /usr/bin/python3 -W ignore:setup.py install is deprecated -W ignore:easy_install command is deprecated setup.py egg_info --egg-base ../../build/apriltag_perception build --build-base /home/yoheen/robotics_ws/build/apriltag_perception/build install --record /home/yoheen/robotics_ws/build/apriltag_perception/install.log --single-version-externally-managed install_data
