[0.747s] Invoking command in '/home/yoheen/robotics_ws/src/apriltag_perception': PYTHONPATH=/home/yoheen/robotics_ws/build/apriltag_perception/prefix_override:/usr/lib/python3/dist-packages/colcon_core/task/python/colcon_distutils_commands:/home/yoheen/robotics_ws/install/apriltag_perception/lib/python3.12/site-packages:${PYTHONPATH} /usr/bin/python3 -W ignore:setup.py install is deprecated -W ignore:easy_install command is deprecated setup.py egg_info --egg-base ../../build/apriltag_perception build --build-base /home/yoheen/robotics_ws/build/apriltag_perception/build install --record /home/yoheen/robotics_ws/build/apriltag_perception/install.log --single-version-externally-managed install_data
[0.999s] running egg_info
[1.015s] writing ../../build/apriltag_perception/apriltag_perception.egg-info/PKG-INFO
[1.015s] writing dependency_links to ../../build/apriltag_perception/apriltag_perception.egg-info/dependency_links.txt
[1.015s] writing entry points to ../../build/apriltag_perception/apriltag_perception.egg-info/entry_points.txt
[1.015s] writing requirements to ../../build/apriltag_perception/apriltag_perception.egg-info/requires.txt
[1.015s] writing top-level names to ../../build/apriltag_perception/apriltag_perception.egg-info/top_level.txt
[1.048s] reading manifest file '../../build/apriltag_perception/apriltag_perception.egg-info/SOURCES.txt'
[1.048s] writing manifest file '../../build/apriltag_perception/apriltag_perception.egg-info/SOURCES.txt'
[1.049s] running build
[1.049s] running build_py
[1.049s] copying apriltag_perception/apriltag_publisher.py -> /home/yoheen/robotics_ws/build/apriltag_perception/build/lib/apriltag_perception
[1.049s] running install
[1.055s] running install_lib
[1.071s] copying /home/yoheen/robotics_ws/build/apriltag_perception/build/lib/apriltag_perception/apriltag_publisher.py -> /home/yoheen/robotics_ws/install/apriltag_perception/lib/python3.12/site-packages/apriltag_perception
[1.071s] byte-compiling /home/yoheen/robotics_ws/install/apriltag_perception/lib/python3.12/site-packages/apriltag_perception/apriltag_publisher.py to apriltag_publisher.cpython-312.pyc
[1.073s] running install_data
[1.073s] running install_egg_info
[1.090s] removing '/home/yoheen/robotics_ws/install/apriltag_perception/lib/python3.12/site-packages/apriltag_perception-0.0.0-py3.12.egg-info' (and everything under it)
[1.091s] Copying ../../build/apriltag_perception/apriltag_perception.egg-info to /home/yoheen/robotics_ws/install/apriltag_perception/lib/python3.12/site-packages/apriltag_perception-0.0.0-py3.12.egg-info
[1.092s] running install_scripts
[1.204s] Installing apriltag_publisher script to /home/yoheen/robotics_ws/install/apriltag_perception/lib/apriltag_perception
[1.204s] Installing apriltag_subscriber script to /home/yoheen/robotics_ws/install/apriltag_perception/lib/apriltag_perception
[1.205s] writing list of installed files to '/home/yoheen/robotics_ws/build/apriltag_perception/install.log'
[1.229s] Invoked command in '/home/yoheen/robotics_ws/src/apriltag_perception' returned '0': PYTHONPATH=/home/yoheen/robotics_ws/build/apriltag_perception/prefix_override:/usr/lib/python3/dist-packages/colcon_core/task/python/colcon_distutils_commands:/home/yoheen/robotics_ws/install/apriltag_perception/lib/python3.12/site-packages:${PYTHONPATH} /usr/bin/python3 -W ignore:setup.py install is deprecated -W ignore:easy_install command is deprecated setup.py egg_info --egg-base ../../build/apriltag_perception build --build-base /home/yoheen/robotics_ws/build/apriltag_perception/build install --record /home/yoheen/robotics_ws/build/apriltag_perception/install.log --single-version-externally-managed install_data
