running egg_info
writing ../../../build/apriltag_perception/apriltag_perception.egg-info/PKG-INFO
writing dependency_links to ../../../build/apriltag_perception/apriltag_perception.egg-info/dependency_links.txt
writing entry points to ../../../build/apriltag_perception/apriltag_perception.egg-info/entry_points.txt
writing requirements to ../../../build/apriltag_perception/apriltag_perception.egg-info/requires.txt
writing top-level names to ../../../build/apriltag_perception/apriltag_perception.egg-info/top_level.txt
reading manifest file '../../../build/apriltag_perception/apriltag_perception.egg-info/SOURCES.txt'
writing manifest file '../../../build/apriltag_perception/apriltag_perception.egg-info/SOURCES.txt'
running build
running build_py
copying apriltag_perception/gesture_collector.py -> /home/yoheen/Robotic-Space-Hand-Algorithm/build/apriltag_perception/build/lib/apriltag_perception
running install
running install_lib
copying /home/yoheen/Robotic-Space-Hand-Algorithm/build/apriltag_perception/build/lib/apriltag_perception/gesture_collector.py -> /home/yoheen/Robotic-Space-Hand-Algorithm/install/apriltag_perception/lib/python3.12/site-packages/apriltag_perception
byte-compiling /home/yoheen/Robotic-Space-Hand-Algorithm/install/apriltag_perception/lib/python3.12/site-packages/apriltag_perception/gesture_collector.py to gesture_collector.cpython-312.pyc
running install_data
running install_egg_info
removing '/home/yoheen/Robotic-Space-Hand-Algorithm/install/apriltag_perception/lib/python3.12/site-packages/apriltag_perception-0.0.0-py3.12.egg-info' (and everything under it)
Copying ../../../build/apriltag_perception/apriltag_perception.egg-info to /home/yoheen/Robotic-Space-Hand-Algorithm/install/apriltag_perception/lib/python3.12/site-packages/apriltag_perception-0.0.0-py3.12.egg-info
running install_scripts
Installing apriltag_publisher script to /home/yoheen/Robotic-Space-Hand-Algorithm/install/apriltag_perception/lib/apriltag_perception
Installing apriltag_subscriber script to /home/yoheen/Robotic-Space-Hand-Algorithm/install/apriltag_perception/lib/apriltag_perception
Installing gesture_collector script to /home/yoheen/Robotic-Space-Hand-Algorithm/install/apriltag_perception/lib/apriltag_perception
Installing pose_publisher script to /home/yoheen/Robotic-Space-Hand-Algorithm/install/apriltag_perception/lib/apriltag_perception
writing list of installed files to '/home/yoheen/Robotic-Space-Hand-Algorithm/build/apriltag_perception/install.log'
