[1.403s] Invoking command in '/home/yoheen/Robotic-Space-Hand-Algorithm/robotics_ws/src/apriltag_perception': PYTHONPATH=/home/yoheen/Robotic-Space-Hand-Algorithm/build/apriltag_perception/prefix_override:/usr/lib/python3/dist-packages/colcon_core/task/python/colcon_distutils_commands:/home/yoheen/Robotic-Space-Hand-Algorithm/install/apriltag_perception/lib/python3.12/site-packages:${PYTHONPATH} /usr/bin/python3 -W ignore:setup.py install is deprecated -W ignore:easy_install command is deprecated setup.py egg_info --egg-base ../../../build/apriltag_perception build --build-base /home/yoheen/Robotic-Space-Hand-Algorithm/build/apriltag_perception/build install --record /home/yoheen/Robotic-Space-Hand-Algorithm/build/apriltag_perception/install.log --single-version-externally-managed install_data
[1.682s] running egg_info
[1.702s] writing ../../../build/apriltag_perception/apriltag_perception.egg-info/PKG-INFO
[1.702s] writing dependency_links to ../../../build/apriltag_perception/apriltag_perception.egg-info/dependency_links.txt
[1.703s] writing entry points to ../../../build/apriltag_perception/apriltag_perception.egg-info/entry_points.txt
[1.703s] writing requirements to ../../../build/apriltag_perception/apriltag_perception.egg-info/requires.txt
[1.703s] writing top-level names to ../../../build/apriltag_perception/apriltag_perception.egg-info/top_level.txt
[1.748s] reading manifest file '../../../build/apriltag_perception/apriltag_perception.egg-info/SOURCES.txt'
[1.750s] writing manifest file '../../../build/apriltag_perception/apriltag_perception.egg-info/SOURCES.txt'
[1.750s] running build
[1.750s] running build_py
[1.750s] copying apriltag_perception/gesture_collector.py -> /home/yoheen/Robotic-Space-Hand-Algorithm/build/apriltag_perception/build/lib/apriltag_perception
[1.752s] running install
[1.760s] running install_lib
[1.781s] copying /home/yoheen/Robotic-Space-Hand-Algorithm/build/apriltag_perception/build/lib/apriltag_perception/gesture_collector.py -> /home/yoheen/Robotic-Space-Hand-Algorithm/install/apriltag_perception/lib/python3.12/site-packages/apriltag_perception
[1.782s] byte-compiling /home/yoheen/Robotic-Space-Hand-Algorithm/install/apriltag_perception/lib/python3.12/site-packages/apriltag_perception/gesture_collector.py to gesture_collector.cpython-312.pyc
[1.785s] running install_data
[1.785s] running install_egg_info
[1.804s] removing '/home/yoheen/Robotic-Space-Hand-Algorithm/install/apriltag_perception/lib/python3.12/site-packages/apriltag_perception-0.0.0-py3.12.egg-info' (and everything under it)
[1.805s] Copying ../../../build/apriltag_perception/apriltag_perception.egg-info to /home/yoheen/Robotic-Space-Hand-Algorithm/install/apriltag_perception/lib/python3.12/site-packages/apriltag_perception-0.0.0-py3.12.egg-info
[1.807s] running install_scripts
[1.935s] Installing apriltag_publisher script to /home/yoheen/Robotic-Space-Hand-Algorithm/install/apriltag_perception/lib/apriltag_perception
[1.935s] Installing apriltag_subscriber script to /home/yoheen/Robotic-Space-Hand-Algorithm/install/apriltag_perception/lib/apriltag_perception
[1.936s] Installing gesture_collector script to /home/yoheen/Robotic-Space-Hand-Algorithm/install/apriltag_perception/lib/apriltag_perception
[1.936s] Installing pose_publisher script to /home/yoheen/Robotic-Space-Hand-Algorithm/install/apriltag_perception/lib/apriltag_perception
[1.936s] writing list of installed files to '/home/yoheen/Robotic-Space-Hand-Algorithm/build/apriltag_perception/install.log'
[1.962s] Invoked command in '/home/yoheen/Robotic-Space-Hand-Algorithm/robotics_ws/src/apriltag_perception' returned '0': PYTHONPATH=/home/yoheen/Robotic-Space-Hand-Algorithm/build/apriltag_perception/prefix_override:/usr/lib/python3/dist-packages/colcon_core/task/python/colcon_distutils_commands:/home/yoheen/Robotic-Space-Hand-Algorithm/install/apriltag_perception/lib/python3.12/site-packages:${PYTHONPATH} /usr/bin/python3 -W ignore:setup.py install is deprecated -W ignore:easy_install command is deprecated setup.py egg_info --egg-base ../../../build/apriltag_perception build --build-base /home/yoheen/Robotic-Space-Hand-Algorithm/build/apriltag_perception/build install --record /home/yoheen/Robotic-Space-Hand-Algorithm/build/apriltag_perception/install.log --single-version-externally-managed install_data
